<?xml version="1.0" encoding="UTF-8"?>
<testng-results ignored="0" total="1" passed="1" failed="0" skipped="0">
  <reporter-output>
  </reporter-output>
  <suite started-at="2023-05-02T17:17:06 IST" name="Default suite" finished-at="2023-05-02T17:17:17 IST" duration-ms="11125">
    <groups>
      <group name="Regression">
        <method signature="LoginPageTest.validateLoginFunctionality()[pri:0, instance:TestLayer.LoginPageTest@593aaf41]" name="validateLoginFunctionality" class="TestLayer.LoginPageTest"/>
      </group> <!-- Regression -->
      <group name="LoginPage">
        <method signature="LoginPageTest.validateLoginFunctionality()[pri:0, instance:TestLayer.LoginPageTest@593aaf41]" name="validateLoginFunctionality" class="TestLayer.LoginPageTest"/>
      </group> <!-- LoginPage -->
    </groups>
    <test started-at="2023-05-02T17:17:06 IST" name="Default test" finished-at="2023-05-02T17:17:17 IST" duration-ms="11125">
      <class name="TestLayer.LoginPageTest">
        <test-method is-config="true" signature="setUp()[pri:0, instance:TestLayer.LoginPageTest@593aaf41]" started-at="2023-05-02T17:17:06 IST" name="setUp" finished-at="2023-05-02T17:17:16 IST" duration-ms="9941" status="PASS">
          <reporter-output>
          </reporter-output>
        </test-method> <!-- setUp -->
        <test-method signature="validateLoginFunctionality()[pri:0, instance:TestLayer.LoginPageTest@593aaf41]" started-at="2023-05-02T17:17:16 IST" name="validateLoginFunctionality" finished-at="2023-05-02T17:17:17 IST" duration-ms="1022" status="PASS">
          <reporter-output>
          </reporter-output>
        </test-method> <!-- validateLoginFunctionality -->
      </class> <!-- TestLayer.LoginPageTest -->
    </test> <!-- Default test -->
  </suite> <!-- Default suite -->
</testng-results>
